<?xml version="1.0" encoding="UTF-8"?>
<testng-results ignored="0" total="6" passed="4" failed="2" skipped="0">
  <reporter-output>
    <line>
      <![CDATA[Application is Launched]]>
    </line>
    <line>
      <![CDATA[Register button clicked successfully]]>
    </line>
    <line>
      <![CDATA[Actual and expected title are same]]>
    </line>
    <line>
      <![CDATA[The title of the page is Signing up is easy!]]>
    </line>
    <line>
      <![CDATA[First name is displayed]]>
    </line>
    <line>
      <![CDATA[First name value is mohammad]]>
    </line>
    <line>
      <![CDATA[Last name is displayed]]>
    </line>
    <line>
      <![CDATA[Last name value is Salman]]>
    </line>
    <line>
      <![CDATA[Address line is displayed]]>
    </line>
    <line>
      <![CDATA[Address line value is 14 Avenue]]>
    </line>
    <line>
      <![CDATA[City name is displayed]]>
    </line>
    <line>
      <![CDATA[City name is Noida]]>
    </line>
    <line>
      <![CDATA[State name is displayed]]>
    </line>
    <line>
      <![CDATA[City name is Uttar Pradesh]]>
    </line>
    <line>
      <![CDATA[Zip Code  is displayed]]>
    </line>
    <line>
      <![CDATA[Zip Code  is 232101]]>
    </line>
    <line>
      <![CDATA[Phone number is displayed]]>
    </line>
    <line>
      <![CDATA[Phone number is 7766543210]]>
    </line>
    <line>
      <![CDATA[SSN number is displayed]]>
    </line>
    <line>
      <![CDATA[SSN number is 123456]]>
    </line>
    <line>
      <![CDATA[Username is displayed]]>
    </line>
    <line>
      <![CDATA[Username is ggfhrtgft]]>
    </line>
    <line>
      <![CDATA[Password is displayed]]>
    </line>
    <line>
      <![CDATA[Password is acgfdret]]>
    </line>
    <line>
      <![CDATA[Confirm Password is displayed]]>
    </line>
    <line>
      <![CDATA[Confirm Password is acgfdret]]>
    </line>
    <line>
      <![CDATA[Register Button is enabled]]>
    </line>
    <line>
      <![CDATA[Application is closed]]>
    </line>
  </reporter-output>
  <suite started-at="2023-07-18T12:33:53 IST" name="Para Bank Automation Suite" finished-at="2023-07-18T12:34:11 IST" duration-ms="17511">
    <groups>
    </groups>
    <test started-at="2023-07-18T12:33:53 IST" name="ParaBank RegisterDemo Flow" finished-at="2023-07-18T12:34:11 IST" duration-ms="17511">
      <class name="com.para.bank.testcase.ParaBankRegisterDemo">
        <test-method signature="launchApplication()[pri:1, instance:com.para.bank.testcase.ParaBankRegisterDemo@147ed70f]" started-at="2023-07-18T12:33:53 IST" name="launchApplication" finished-at="2023-07-18T12:33:59 IST" duration-ms="5317" status="PASS">
          <reporter-output>
            <line>
              <![CDATA[Application is Launched]]>
            </line>
          </reporter-output>
        </test-method> <!-- launchApplication -->
        <test-method signature="navigateToRegisterDemoScreen()[pri:2, instance:com.para.bank.testcase.ParaBankRegisterDemo@147ed70f]" started-at="2023-07-18T12:33:59 IST" name="navigateToRegisterDemoScreen" finished-at="2023-07-18T12:34:02 IST" duration-ms="3657" status="PASS">
          <reporter-output>
            <line>
              <![CDATA[Register button clicked successfully]]>
            </line>
          </reporter-output>
        </test-method> <!-- navigateToRegisterDemoScreen -->
        <test-method signature="registerUser()[pri:3, instance:com.para.bank.testcase.ParaBankRegisterDemo@147ed70f]" started-at="2023-07-18T12:34:02 IST" name="registerUser" finished-at="2023-07-18T12:34:04 IST" duration-ms="1609" status="PASS">
          <reporter-output>
            <line>
              <![CDATA[Actual and expected title are same]]>
            </line>
            <line>
              <![CDATA[The title of the page is Signing up is easy!]]>
            </line>
            <line>
              <![CDATA[First name is displayed]]>
            </line>
            <line>
              <![CDATA[First name value is mohammad]]>
            </line>
            <line>
              <![CDATA[Last name is displayed]]>
            </line>
            <line>
              <![CDATA[Last name value is Salman]]>
            </line>
            <line>
              <![CDATA[Address line is displayed]]>
            </line>
            <line>
              <![CDATA[Address line value is 14 Avenue]]>
            </line>
            <line>
              <![CDATA[City name is displayed]]>
            </line>
            <line>
              <![CDATA[City name is Noida]]>
            </line>
            <line>
              <![CDATA[State name is displayed]]>
            </line>
            <line>
              <![CDATA[City name is Uttar Pradesh]]>
            </line>
            <line>
              <![CDATA[Zip Code  is displayed]]>
            </line>
            <line>
              <![CDATA[Zip Code  is 232101]]>
            </line>
            <line>
              <![CDATA[Phone number is displayed]]>
            </line>
            <line>
              <![CDATA[Phone number is 7766543210]]>
            </line>
            <line>
              <![CDATA[SSN number is displayed]]>
            </line>
            <line>
              <![CDATA[SSN number is 123456]]>
            </line>
            <line>
              <![CDATA[Username is displayed]]>
            </line>
            <line>
              <![CDATA[Username is ggfhrtgft]]>
            </line>
            <line>
              <![CDATA[Password is displayed]]>
            </line>
            <line>
              <![CDATA[Password is acgfdret]]>
            </line>
            <line>
              <![CDATA[Confirm Password is displayed]]>
            </line>
            <line>
              <![CDATA[Confirm Password is acgfdret]]>
            </line>
            <line>
              <![CDATA[Register Button is enabled]]>
            </line>
          </reporter-output>
        </test-method> <!-- registerUser -->
        <test-method signature="validateSuccessfulMessage()[pri:4, instance:com.para.bank.testcase.ParaBankRegisterDemo@147ed70f]" started-at="2023-07-18T12:34:04 IST" name="validateSuccessfulMessage" finished-at="2023-07-18T12:34:11 IST" duration-ms="6709" status="FAIL">
          <exception class="org.openqa.selenium.NoSuchElementException">
            <message>
              <![CDATA[Cannot locate an element using xpath=//h1[contains(text(),'Welcome')]//following::p[1]
For documentation on this error, please visit: https://www.seleniumhq.org/exceptions/no_such_element.html
Build info: version: '3.141.59', revision: 'e82be7d358', time: '2018-11-14T08:17:03'
System info: host: 'SALMAN', ip: '192.168.29.234', os.name: 'Windows 11', os.arch: 'amd64', os.version: '10.0', java.version: '17.0.4.1'
Driver info: driver.version: RemoteWebDriver]]>
            </message>
            <full-stacktrace>
              <![CDATA[org.openqa.selenium.NoSuchElementException: Cannot locate an element using xpath=//h1[contains(text(),'Welcome')]//following::p[1]
For documentation on this error, please visit: https://www.seleniumhq.org/exceptions/no_such_element.html
Build info: version: '3.141.59', revision: 'e82be7d358', time: '2018-11-14T08:17:03'
System info: host: 'SALMAN', ip: '192.168.29.234', os.name: 'Windows 11', os.arch: 'amd64', os.version: '10.0', java.version: '17.0.4.1'
Driver info: driver.version: RemoteWebDriver
at org.openqa.selenium.remote.RemoteWebDriver.findElement(RemoteWebDriver.java:327)
at org.openqa.selenium.remote.RemoteWebDriver.findElementByXPath(RemoteWebDriver.java:428)
at org.openqa.selenium.By$ByXPath.findElement(By.java:353)
at org.openqa.selenium.remote.RemoteWebDriver.findElement(RemoteWebDriver.java:315)
at org.openqa.selenium.support.pagefactory.DefaultElementLocator.findElement(DefaultElementLocator.java:69)
at org.openqa.selenium.support.pagefactory.internal.LocatingElementHandler.invoke(LocatingElementHandler.java:38)
at jdk.proxy2/jdk.proxy2.$Proxy6.getText(Unknown Source)
at com.para.bank.pages.ValidationPage.validateSucessfullMsg(ValidationPage.java:22)
at com.para.bank.testcase.ParaBankRegisterDemo.validateSuccessfulMessage(ParaBankRegisterDemo.java:66)
at java.base/jdk.internal.reflect.NativeMethodAccessorImpl.invoke0(Native Method)
at java.base/jdk.internal.reflect.NativeMethodAccessorImpl.invoke(NativeMethodAccessorImpl.java:77)
at java.base/jdk.internal.reflect.DelegatingMethodAccessorImpl.invoke(DelegatingMethodAccessorImpl.java:43)
at java.base/java.lang.reflect.Method.invoke(Method.java:568)
at org.testng.internal.invokers.MethodInvocationHelper.invokeMethod(MethodInvocationHelper.java:139)
at org.testng.internal.invokers.TestInvoker.invokeMethod(TestInvoker.java:677)
at org.testng.internal.invokers.TestInvoker.invokeTestMethod(TestInvoker.java:221)
at org.testng.internal.invokers.MethodRunner.runInSequence(MethodRunner.java:50)
at org.testng.internal.invokers.TestInvoker$MethodInvocationAgent.invoke(TestInvoker.java:969)
at org.testng.internal.invokers.TestInvoker.invokeTestMethods(TestInvoker.java:194)
at org.testng.internal.invokers.TestMethodWorker.invokeTestMethods(TestMethodWorker.java:148)
at org.testng.internal.invokers.TestMethodWorker.run(TestMethodWorker.java:128)
at java.base/java.util.ArrayList.forEach(ArrayList.java:1511)
at org.testng.TestRunner.privateRun(TestRunner.java:829)
at org.testng.TestRunner.run(TestRunner.java:602)
at org.testng.SuiteRunner.runTest(SuiteRunner.java:437)
at org.testng.SuiteRunner.runSequentially(SuiteRunner.java:431)
at org.testng.SuiteRunner.privateRun(SuiteRunner.java:391)
at org.testng.SuiteRunner.run(SuiteRunner.java:330)
at org.testng.SuiteRunnerWorker.runSuite(SuiteRunnerWorker.java:52)
at org.testng.SuiteRunnerWorker.run(SuiteRunnerWorker.java:95)
at org.testng.TestNG.runSuitesSequentially(TestNG.java:1256)
at org.testng.TestNG.runSuitesLocally(TestNG.java:1176)
at org.testng.TestNG.runSuites(TestNG.java:1099)
at org.testng.TestNG.run(TestNG.java:1067)
at org.apache.maven.surefire.testng.TestNGExecutor.run(TestNGExecutor.java:283)
at org.apache.maven.surefire.testng.TestNGXmlTestSuite.execute(TestNGXmlTestSuite.java:75)
at org.apache.maven.surefire.testng.TestNGProvider.invoke(TestNGProvider.java:120)
at org.apache.maven.surefire.booter.ForkedBooter.invokeProviderInSameClassLoader(ForkedBooter.java:384)
at org.apache.maven.surefire.booter.ForkedBooter.runSuitesInProcess(ForkedBooter.java:345)
at org.apache.maven.surefire.booter.ForkedBooter.execute(ForkedBooter.java:126)
at org.apache.maven.surefire.booter.ForkedBooter.main(ForkedBooter.java:418)
]]>
            </full-stacktrace>
          </exception> <!-- org.openqa.selenium.NoSuchElementException -->
          <reporter-output>
          </reporter-output>
        </test-method> <!-- validateSuccessfulMessage -->
        <test-method signature="logoutUser()[pri:5, instance:com.para.bank.testcase.ParaBankRegisterDemo@147ed70f]" started-at="2023-07-18T12:34:11 IST" name="logoutUser" finished-at="2023-07-18T12:34:11 IST" duration-ms="9" status="FAIL">
          <exception class="org.openqa.selenium.NoSuchWindowException">
            <message>
              <![CDATA[no such window: target window already closed
from unknown error: web view not found
  (Session info: chrome=114.0.5735.134)
Build info: version: '3.141.59', revision: 'e82be7d358', time: '2018-11-14T08:17:03'
System info: host: 'SALMAN', ip: '192.168.29.234', os.name: 'Windows 11', os.arch: 'amd64', os.version: '10.0', java.version: '17.0.4.1'
Driver info: org.openqa.selenium.chrome.ChromeDriver
Capabilities {acceptInsecureCerts: false, browserName: chrome, browserVersion: 114.0.5735.134, chrome: {chromedriverVersion: 113.0.5672.63 (0e1a4471d5ae..., userDataDir: C:\Users\salma\AppData\Loca...}, goog:chromeOptions: {debuggerAddress: localhost:60630}, javascriptEnabled: true, networkConnectionEnabled: false, pageLoadStrategy: normal, platform: WINDOWS, platformName: WINDOWS, proxy: Proxy(), setWindowRect: true, strictFileInteractability: false, timeouts: {implicit: 0, pageLoad: 300000, script: 30000}, unhandledPromptBehavior: dismiss and notify, webauthn:extension:credBlob: true, webauthn:extension:largeBlob: true, webauthn:extension:minPinLength: true, webauthn:extension:prf: true, webauthn:virtualAuthenticators: true}
Session ID: 421c7a2b3e9ac9fbad02d31486634c6d
*** Element info: {Using=xpath, value=//a[text()='Log Out']}]]>
            </message>
            <full-stacktrace>
              <![CDATA[org.openqa.selenium.NoSuchWindowException: no such window: target window already closed
from unknown error: web view not found
  (Session info: chrome=114.0.5735.134)
Build info: version: '3.141.59', revision: 'e82be7d358', time: '2018-11-14T08:17:03'
System info: host: 'SALMAN', ip: '192.168.29.234', os.name: 'Windows 11', os.arch: 'amd64', os.version: '10.0', java.version: '17.0.4.1'
Driver info: org.openqa.selenium.chrome.ChromeDriver
Capabilities {acceptInsecureCerts: false, browserName: chrome, browserVersion: 114.0.5735.134, chrome: {chromedriverVersion: 113.0.5672.63 (0e1a4471d5ae..., userDataDir: C:\Users\salma\AppData\Loca...}, goog:chromeOptions: {debuggerAddress: localhost:60630}, javascriptEnabled: true, networkConnectionEnabled: false, pageLoadStrategy: normal, platform: WINDOWS, platformName: WINDOWS, proxy: Proxy(), setWindowRect: true, strictFileInteractability: false, timeouts: {implicit: 0, pageLoad: 300000, script: 30000}, unhandledPromptBehavior: dismiss and notify, webauthn:extension:credBlob: true, webauthn:extension:largeBlob: true, webauthn:extension:minPinLength: true, webauthn:extension:prf: true, webauthn:virtualAuthenticators: true}
Session ID: 421c7a2b3e9ac9fbad02d31486634c6d
*** Element info: {Using=xpath, value=//a[text()='Log Out']}
at java.base/jdk.internal.reflect.NativeConstructorAccessorImpl.newInstance0(Native Method)
at java.base/jdk.internal.reflect.NativeConstructorAccessorImpl.newInstance(NativeConstructorAccessorImpl.java:77)
at java.base/jdk.internal.reflect.DelegatingConstructorAccessorImpl.newInstance(DelegatingConstructorAccessorImpl.java:45)
at java.base/java.lang.reflect.Constructor.newInstanceWithCaller(Constructor.java:499)
at java.base/java.lang.reflect.Constructor.newInstance(Constructor.java:480)
at org.openqa.selenium.remote.http.W3CHttpResponseCodec.createException(W3CHttpResponseCodec.java:187)
at org.openqa.selenium.remote.http.W3CHttpResponseCodec.decode(W3CHttpResponseCodec.java:122)
at org.openqa.selenium.remote.http.W3CHttpResponseCodec.decode(W3CHttpResponseCodec.java:49)
at org.openqa.selenium.remote.HttpCommandExecutor.execute(HttpCommandExecutor.java:158)
at org.openqa.selenium.remote.service.DriverCommandExecutor.execute(DriverCommandExecutor.java:83)
at org.openqa.selenium.remote.RemoteWebDriver.execute(RemoteWebDriver.java:552)
at org.openqa.selenium.remote.RemoteWebDriver.findElement(RemoteWebDriver.java:323)
at org.openqa.selenium.remote.RemoteWebDriver.findElementByXPath(RemoteWebDriver.java:428)
at org.openqa.selenium.By$ByXPath.findElement(By.java:353)
at org.openqa.selenium.remote.RemoteWebDriver.findElement(RemoteWebDriver.java:315)
at org.openqa.selenium.support.pagefactory.DefaultElementLocator.findElement(DefaultElementLocator.java:69)
at org.openqa.selenium.support.pagefactory.internal.LocatingElementHandler.invoke(LocatingElementHandler.java:38)
at jdk.proxy2/jdk.proxy2.$Proxy6.click(Unknown Source)
at com.para.bank.pages.ValidationPage.clickLogoutLnk(ValidationPage.java:39)
at com.para.bank.testcase.ParaBankRegisterDemo.logoutUser(ParaBankRegisterDemo.java:74)
at java.base/jdk.internal.reflect.NativeMethodAccessorImpl.invoke0(Native Method)
at java.base/jdk.internal.reflect.NativeMethodAccessorImpl.invoke(NativeMethodAccessorImpl.java:77)
at java.base/jdk.internal.reflect.DelegatingMethodAccessorImpl.invoke(DelegatingMethodAccessorImpl.java:43)
at java.base/java.lang.reflect.Method.invoke(Method.java:568)
at org.testng.internal.invokers.MethodInvocationHelper.invokeMethod(MethodInvocationHelper.java:139)
at org.testng.internal.invokers.TestInvoker.invokeMethod(TestInvoker.java:677)
at org.testng.internal.invokers.TestInvoker.invokeTestMethod(TestInvoker.java:221)
at org.testng.internal.invokers.MethodRunner.runInSequence(MethodRunner.java:50)
at org.testng.internal.invokers.TestInvoker$MethodInvocationAgent.invoke(TestInvoker.java:969)
at org.testng.internal.invokers.TestInvoker.invokeTestMethods(TestInvoker.java:194)
at org.testng.internal.invokers.TestMethodWorker.invokeTestMethods(TestMethodWorker.java:148)
at org.testng.internal.invokers.TestMethodWorker.run(TestMethodWorker.java:128)
at java.base/java.util.ArrayList.forEach(ArrayList.java:1511)
at org.testng.TestRunner.privateRun(TestRunner.java:829)
at org.testng.TestRunner.run(TestRunner.java:602)
at org.testng.SuiteRunner.runTest(SuiteRunner.java:437)
at org.testng.SuiteRunner.runSequentially(SuiteRunner.java:431)
at org.testng.SuiteRunner.privateRun(SuiteRunner.java:391)
at org.testng.SuiteRunner.run(SuiteRunner.java:330)
at org.testng.SuiteRunnerWorker.runSuite(SuiteRunnerWorker.java:52)
at org.testng.SuiteRunnerWorker.run(SuiteRunnerWorker.java:95)
at org.testng.TestNG.runSuitesSequentially(TestNG.java:1256)
at org.testng.TestNG.runSuitesLocally(TestNG.java:1176)
at org.testng.TestNG.runSuites(TestNG.java:1099)
at org.testng.TestNG.run(TestNG.java:1067)
at org.apache.maven.surefire.testng.TestNGExecutor.run(TestNGExecutor.java:283)
at org.apache.maven.surefire.testng.TestNGXmlTestSuite.execute(TestNGXmlTestSuite.java:75)
at org.apache.maven.surefire.testng.TestNGProvider.invoke(TestNGProvider.java:120)
at org.apache.maven.surefire.booter.ForkedBooter.invokeProviderInSameClassLoader(ForkedBooter.java:384)
at org.apache.maven.surefire.booter.ForkedBooter.runSuitesInProcess(ForkedBooter.java:345)
at org.apache.maven.surefire.booter.ForkedBooter.execute(ForkedBooter.java:126)
at org.apache.maven.surefire.booter.ForkedBooter.main(ForkedBooter.java:418)
]]>
            </full-stacktrace>
          </exception> <!-- org.openqa.selenium.NoSuchWindowException -->
          <reporter-output>
          </reporter-output>
        </test-method> <!-- logoutUser -->
        <test-method signature="closedApplication()[pri:6, instance:com.para.bank.testcase.ParaBankRegisterDemo@147ed70f]" started-at="2023-07-18T12:34:11 IST" name="closedApplication" finished-at="2023-07-18T12:34:11 IST" duration-ms="175" status="PASS">
          <reporter-output>
            <line>
              <![CDATA[Application is closed]]>
            </line>
          </reporter-output>
        </test-method> <!-- closedApplication -->
      </class> <!-- com.para.bank.testcase.ParaBankRegisterDemo -->
    </test> <!-- ParaBank RegisterDemo Flow -->
  </suite> <!-- Para Bank Automation Suite -->
</testng-results>
